<?xml version="1.0" encoding="UTF-8"?>
<!-- Generated by org.testng.reporters.JUnitReportReporter -->
<testsuite hostname="DESKTOP-0DLQFQC" failures="0" tests="1" name="mavenerror.ErrorMessage" time="9.464" errors="0" timestamp="20 Feb 2021 18:02:28 GMT" skipped="0">
  <testcase classname="mavenerror.ErrorMessage" name="verifyrror" time="9.464"/>
</testsuite> <!-- mavenerror.ErrorMessage -->
