<?xml version="1.0" encoding="UTF-8"?>
<!-- Generated by org.testng.reporters.JUnitReportReporter -->
<testsuite hostname="DESKTOP-0DLQFQC" failures="0" tests="1" name="Explicitwait.Wait" time="15.709" errors="0" timestamp="2021-02-23T23:49:09 IST" skipped="0">
  <testcase classname="Explicitwait.Wait" name="explicit" time="15.709"/>
  <system-out/>
</testsuite> <!-- Explicitwait.Wait -->
