<?xml version="1.0" encoding="UTF-8"?>
<!-- Generated by org.testng.reporters.JUnitReportReporter -->
<testsuite hostname="DESKTOP-0DLQFQC" failures="0" tests="1" name="Explicitwait.ReadProperties" time="23.576" errors="0" timestamp="2021-02-24T23:55:38 IST" skipped="0">
  <testcase classname="Explicitwait.ReadProperties" name="readValue" time="23.576"/>
  <system-out/>
</testsuite> <!-- Explicitwait.ReadProperties -->
