<?xml version="1.0" encoding="UTF-8"?>
<!-- Generated by org.testng.reporters.JUnitReportReporter -->
<testsuite hostname="DESKTOP-0DLQFQC" failures="0" tests="1" name="mavenerror.Repository" time="0.014" errors="0" timestamp="2021-02-26T22:57:53 IST" skipped="0">
  <testcase classname="mavenerror.Repository" name="demo" time="0.014"/>
  <system-out/>
</testsuite> <!-- mavenerror.Repository -->
