<?xml version="1.0" encoding="UTF-8"?>
<!-- Generated by org.testng.reporters.JUnitReportReporter -->
<testsuite hostname="DESKTOP-0DLQFQC" failures="0" tests="1" name="mavenerror.FaceBookLogin" time="10.756" errors="0" timestamp="2021-02-23T23:13:38 IST" skipped="0">
  <testcase classname="mavenerror.FaceBookLogin" name="login" time="10.756"/>
  <system-out/>
</testsuite> <!-- mavenerror.FaceBookLogin -->
