<?xml version="1.0" encoding="UTF-8"?>
<!-- Generated by org.testng.reporters.JUnitReportReporter -->
<testsuite hostname="DESKTOP-0DLQFQC" failures="0" tests="1" name="Explicitwait.ChromeHeadless" time="22.321" errors="0" timestamp="2021-02-25T22:32:15 IST" skipped="0">
  <testcase classname="Explicitwait.ChromeHeadless" name="headless" time="22.321"/>
  <system-out/>
</testsuite> <!-- Explicitwait.ChromeHeadless -->
