<?xml version="1.0" encoding="UTF-8"?>
<!-- Generated by org.testng.reporters.JUnitReportReporter -->
<testsuite hostname="DESKTOP-0DLQFQC" failures="0" tests="1" name="Explicitwait.GetRect" time="7.944" errors="0" timestamp="2021-02-25T23:13:13 IST" skipped="0">
  <testcase classname="Explicitwait.GetRect" name="get_method" time="7.944"/>
  <system-out/>
</testsuite> <!-- Explicitwait.GetRect -->
